<?xml version="1.0" encoding="UTF-8"?>
<testng-results ignored="0" total="4" passed="4" failed="0" skipped="0">
  <reporter-output>
  </reporter-output>
  <suite started-at="2024-12-11T18:40:50 IST" name="Default suite" finished-at="2024-12-11T18:40:56 IST" duration-ms="5583">
    <groups>
      <group name="cucumber">
        <method signature="AbstractTestNGCucumberTests.runScenario(io.cucumber.testng.PickleWrapper,io.cucumber.testng.FeatureWrapper)[pri:0, instance:cucumberOption.TestNG_Runner@3b0090a4]" name="runScenario" class="io.cucumber.testng.AbstractTestNGCucumberTests"/>
      </group> <!-- cucumber -->
    </groups>
    <test started-at="2024-12-11T18:40:50 IST" name="Default test" finished-at="2024-12-11T18:40:56 IST" duration-ms="5583">
      <class name="cucumberOption.TestNG_Runner">
        <test-method is-config="true" signature="setUpClass(org.testng.ITestContext)[pri:0, instance:cucumberOption.TestNG_Runner@3b0090a4]" started-at="2024-12-11T18:40:50 IST" name="setUpClass" finished-at="2024-12-11T18:40:50 IST" duration-ms="206" status="PASS">
          <params>
            <param index="0">
              <value>
                <![CDATA[org.testng.TestRunner@da09250]]>
              </value>
            </param>
          </params>
          <reporter-output>
          </reporter-output>
        </test-method> <!-- setUpClass -->
        <test-method signature="runScenario(io.cucumber.testng.PickleWrapper,io.cucumber.testng.FeatureWrapper)[pri:0, instance:cucumberOption.TestNG_Runner@3b0090a4]" started-at="2024-12-11T18:40:50 IST" name="runScenario" description="Runs Cucumber Scenarios" data-provider="scenarios" finished-at="2024-12-11T18:40:54 IST" duration-ms="4150" status="PASS">
          <params>
            <param index="0">
              <value>
                <![CDATA["User is not able to log in with an invalid emailId"]]>
              </value>
            </param>
            <param index="1">
              <value>
                <![CDATA["Verify the login functionality"]]>
              </value>
            </param>
          </params>
          <reporter-output>
          </reporter-output>
        </test-method> <!-- runScenario -->
        <test-method signature="runScenario(io.cucumber.testng.PickleWrapper,io.cucumber.testng.FeatureWrapper)[pri:0, instance:cucumberOption.TestNG_Runner@3b0090a4]" started-at="2024-12-11T18:40:54 IST" name="runScenario" description="Runs Cucumber Scenarios" data-provider="scenarios" finished-at="2024-12-11T18:40:55 IST" duration-ms="395" status="PASS">
          <params>
            <param index="0">
              <value>
                <![CDATA["User is not able to log in with an incorrect password"]]>
              </value>
            </param>
            <param index="1">
              <value>
                <![CDATA["Verify the login functionality"]]>
              </value>
            </param>
          </params>
          <reporter-output>
          </reporter-output>
        </test-method> <!-- runScenario -->
        <test-method signature="runScenario(io.cucumber.testng.PickleWrapper,io.cucumber.testng.FeatureWrapper)[pri:0, instance:cucumberOption.TestNG_Runner@3b0090a4]" started-at="2024-12-11T18:40:55 IST" name="runScenario" description="Runs Cucumber Scenarios" data-provider="scenarios" finished-at="2024-12-11T18:40:55 IST" duration-ms="551" status="PASS">
          <params>
            <param index="0">
              <value>
                <![CDATA["User is able to log in with valid credentials"]]>
              </value>
            </param>
            <param index="1">
              <value>
                <![CDATA["Verify the login functionality"]]>
              </value>
            </param>
          </params>
          <reporter-output>
          </reporter-output>
        </test-method> <!-- runScenario -->
        <test-method signature="runScenario(io.cucumber.testng.PickleWrapper,io.cucumber.testng.FeatureWrapper)[pri:0, instance:cucumberOption.TestNG_Runner@3b0090a4]" started-at="2024-12-11T18:40:55 IST" name="runScenario" description="Runs Cucumber Scenarios" data-provider="scenarios" finished-at="2024-12-11T18:40:56 IST" duration-ms="195" status="PASS">
          <params>
            <param index="0">
              <value>
                <![CDATA["Verify the user is able to add a product with authorization"]]>
              </value>
            </param>
            <param index="1">
              <value>
                <![CDATA["Verify the user is able to add a product to the cart"]]>
              </value>
            </param>
          </params>
          <reporter-output>
          </reporter-output>
        </test-method> <!-- runScenario -->
        <test-method is-config="true" signature="tearDownClass()[pri:0, instance:cucumberOption.TestNG_Runner@3b0090a4]" started-at="2024-12-11T18:40:56 IST" name="tearDownClass" finished-at="2024-12-11T18:40:56 IST" duration-ms="2" status="PASS">
          <reporter-output>
          </reporter-output>
        </test-method> <!-- tearDownClass -->
      </class> <!-- cucumberOption.TestNG_Runner -->
    </test> <!-- Default test -->
  </suite> <!-- Default suite -->
</testng-results>
